<?xml version="1.0" encoding="UTF-8"?>
<!-- Generated by org.testng.reporters.JUnitReportReporter -->
<testsuite skipped="0" hostname="qitmac000442deMacBook-Pro.local" name="TestXunit.ShoppingTest" tests="3" failures="0" timestamp="23 十二月 2018 09:22:40 GMT" time="0.028" errors="0">
  <testcase name="testGetPrice" time="0.004" classname="TestXunit.ShoppingTest"/>
  <testcase name="testGetPrice" time="0.024" classname="TestXunit.ShoppingTest"/>
  <testcase name="testGetPrice" time="0.000" classname="TestXunit.ShoppingTest"/>
</testsuite> <!-- TestXunit.ShoppingTest -->
