<?xml version="1.0" encoding="UTF-8"?>
<!-- Generated by org.testng.reporters.JUnitReportReporter -->
<testsuite skipped="0" hostname="qitmac000442deMacBook-Pro.local" name="TestXunit.LoginTest" tests="4" failures="0" timestamp="23 十二月 2018 09:22:40 GMT" time="0.085" errors="0">
  <testcase name="testLogin" time="0.001" classname="TestXunit.LoginTest"/>
  <testcase name="testLogin" time="0.001" classname="TestXunit.LoginTest"/>
  <testcase name="testLogin" time="0.015" classname="TestXunit.LoginTest"/>
  <testcase name="testLogin" time="0.068" classname="TestXunit.LoginTest"/>
</testsuite> <!-- TestXunit.LoginTest -->
