<?xml version="1.0" encoding="UTF-8"?>
<!-- Generated by org.testng.reporters.JUnitReportReporter -->
<testsuite skipped="0" hostname="qitmac000442deMacBook-Pro.local" name="DemoXunit.LoginTest" tests="5" failures="0" timestamp="21 十二月 2018 09:57:37 GMT" time="0.036" errors="0">
  <testcase name="testLogin" time="0.034" classname="DemoXunit.LoginTest"/>
  <testcase name="testLogin" time="0.001" classname="DemoXunit.LoginTest"/>
  <testcase name="testLogin" time="0.000" classname="DemoXunit.LoginTest"/>
  <testcase name="testLogin" time="0.000" classname="DemoXunit.LoginTest"/>
  <testcase name="testLogin" time="0.001" classname="DemoXunit.LoginTest"/>
</testsuite> <!-- DemoXunit.LoginTest -->
