<?xml version="1.0" encoding="UTF-8"?>
<!-- Generated by org.testng.reporters.JUnitReportReporter -->
<testsuite skipped="0" hostname="LAPTOP-LHNU7T6V" name="TestXunit.LoginTest" tests="7" failures="0" timestamp="19 三月 2020 08:15:43 GMT" time="0.016" errors="0">
  <testcase name="testLogin" time="0.001" classname="TestXunit.LoginTest"/>
  <testcase name="testLogin" time="0.000" classname="TestXunit.LoginTest"/>
  <testcase name="testLogin" time="0.015" classname="TestXunit.LoginTest"/>
  <testcase name="testLogin" time="0.000" classname="TestXunit.LoginTest"/>
  <testcase name="testLogin" time="0.000" classname="TestXunit.LoginTest"/>
  <testcase name="testLogin" time="0.000" classname="TestXunit.LoginTest"/>
  <testcase name="testLogin" time="0.000" classname="TestXunit.LoginTest"/>
</testsuite> <!-- TestXunit.LoginTest -->
