<?xml version="1.0" encoding="UTF-8"?>
<!-- Generated by org.testng.reporters.JUnitReportReporter -->
<testsuite skipped="0" hostname="qitmac000442deMacBook-Pro.local" name="DemoXunit.ShoppingTest" tests="2" failures="0" timestamp="21 十二月 2018 10:45:05 GMT" time="0.014" errors="0">
  <testcase name="testDatas" time="0.000" classname="DemoXunit.ShoppingTest"/>
  <testcase name="testDatas" time="0.014" classname="DemoXunit.ShoppingTest"/>
</testsuite> <!-- DemoXunit.ShoppingTest -->
