<?xml version="1.0" encoding="UTF-8"?>
<!-- Generated by org.testng.reporters.JUnitReportReporter -->
<testsuite skipped="0" hostname="LAPTOP-LHNU7T6V" name="TestXunit.ShoppingTest" tests="3" failures="0" timestamp="19 三月 2020 08:15:43 GMT" time="0.002" errors="0">
  <testcase name="testGetPrice" time="0.000" classname="TestXunit.ShoppingTest"/>
  <testcase name="testGetPrice" time="0.002" classname="TestXunit.ShoppingTest"/>
  <testcase name="testGetPrice" time="0.000" classname="TestXunit.ShoppingTest"/>
</testsuite> <!-- TestXunit.ShoppingTest -->
